SF:lib\Helper\Drug.dart
DA:10,1
DA:20,1
DA:21,1
DA:22,1
DA:23,1
DA:24,1
DA:25,1
DA:26,1
DA:27,1
DA:28,1
LF:10
LH:10
end_of_record
SF:lib\database\DatabaseHandler.dart
DA:8,1
DA:10,1
DA:11,2
DA:12,0
DA:13,0
DA:29,1
DA:30,1
DA:31,2
DA:37,0
DA:38,0
DA:39,0
DA:40,0
DA:41,0
DA:42,0
DA:46,0
DA:47,0
DA:48,0
DA:49,0
DA:50,0
DA:51,0
DA:56,0
DA:57,0
DA:58,0
DA:60,0
DA:69,0
DA:73,1
DA:74,1
DA:75,1
DA:78,1
DA:82,1
DA:83,1
DA:84,1
DA:87,3
DA:89,1
DA:90,0
DA:94,0
DA:95,0
DA:96,0
DA:97,0
DA:98,0
DA:99,0
DA:100,0
DA:101,0
DA:102,0
LF:44
LH:15
end_of_record
