SF:lib\Helper\Drug.dart
DA:9,1
DA:18,1
DA:19,1
DA:20,1
DA:21,1
DA:22,1
DA:23,1
DA:24,1
DA:25,1
LF:9
LH:9
end_of_record
SF:lib\database\DatabaseHandler.dart
DA:8,1
DA:10,1
DA:11,2
DA:12,0
DA:13,0
DA:29,1
DA:30,1
DA:31,2
DA:37,1
DA:38,1
DA:39,1
DA:40,1
DA:41,1
DA:42,2
DA:46,1
DA:47,1
DA:48,1
DA:50,1
DA:58,1
DA:62,1
DA:63,1
DA:64,1
DA:67,1
DA:71,1
DA:72,1
DA:73,1
DA:74,1
DA:75,1
DA:76,2
DA:80,1
DA:81,1
DA:82,1
DA:83,1
DA:84,1
DA:85,1
DA:86,1
DA:87,1
LF:37
LH:35
end_of_record
SF:lib\main.dart
DA:7,0
DA:10,1
DA:12,0
DA:14,0
DA:15,0
DA:20,1
DA:22,0
DA:23,0
DA:43,0
DA:46,0
DA:47,0
DA:48,0
DA:49,0
DA:50,0
DA:51,0
DA:55,0
DA:56,0
DA:58,0
LF:18
LH:2
end_of_record
SF:lib\CalenderScreen.dart
DA:5,0
DA:7,0
DA:8,0
DA:9,0
DA:11,0
LF:5
LH:0
end_of_record
SF:lib\DailyScreen.dart
DA:5,0
DA:7,0
DA:8,0
DA:9,0
DA:11,0
LF:5
LH:0
end_of_record
SF:lib\DrugPlanScreen.dart
DA:5,0
DA:7,0
DA:8,0
DA:9,0
DA:11,0
LF:5
LH:0
end_of_record
